[0.007s] Invoking command in '/home/tungchiahui/UserFloder/mysource/CyberNaviRobot/SoildWorks_Model/simulate_ros2/build/cpp01_urdf': CMAKE_PREFIX_PATH=${CMAKE_PREFIX_PATH}:/opt/ros/jazzy /usr/bin/cmake /home/tungchiahui/UserFloder/mysource/CyberNaviRobot/SoildWorks_Model/simulate_ros2/src/cpp01_urdf -DCMAKE_INSTALL_PREFIX=/home/tungchiahui/UserFloder/mysource/CyberNaviRobot/SoildWorks_Model/simulate_ros2/install/cpp01_urdf
[0.070s] -- The C compiler identification is GNU 13.3.0
[0.126s] -- The CXX compiler identification is GNU 13.3.0
[0.139s] -- Detecting C compiler ABI info
[0.200s] -- Detecting C compiler ABI info - done
[0.206s] -- Check for working C compiler: /usr/bin/cc - skipped
[0.206s] -- Detecting C compile features
[0.207s] -- Detecting C compile features - done
[0.214s] -- Detecting CXX compiler ABI info
[0.280s] -- Detecting CXX compiler ABI info - done
[0.287s] -- Check for working CXX compiler: /usr/bin/c++ - skipped
[0.287s] -- Detecting CXX compile features
[0.287s] -- Detecting CXX compile features - done
[0.292s] -- Found ament_cmake: 2.5.3 (/opt/ros/jazzy/share/ament_cmake/cmake)
[0.402s] -- Found Python3: /usr/bin/python3 (found version "3.12.3") found components: Interpreter 
[0.489s] -- Found ament_lint_auto: 0.17.1 (/opt/ros/jazzy/share/ament_lint_auto/cmake)
[0.577s] -- Added test 'flake8' to check Python code syntax and style conventions
[0.577s] -- Configured 'flake8' exclude dirs and/or files: 
[0.578s] -- Added test 'lint_cmake' to check CMake code style
[0.578s] -- Added test 'pep257' to check Python code against some of the docstring style conventions in PEP 257
[0.579s] -- Added test 'xmllint' to check XML markup files
[0.581s] -- Configuring done (0.6s)
[0.583s] -- Generating done (0.0s)
[0.585s] -- Build files have been written to: /home/tungchiahui/UserFloder/mysource/CyberNaviRobot/SoildWorks_Model/simulate_ros2/build/cpp01_urdf
[0.589s] Invoked command in '/home/tungchiahui/UserFloder/mysource/CyberNaviRobot/SoildWorks_Model/simulate_ros2/build/cpp01_urdf' returned '0': CMAKE_PREFIX_PATH=${CMAKE_PREFIX_PATH}:/opt/ros/jazzy /usr/bin/cmake /home/tungchiahui/UserFloder/mysource/CyberNaviRobot/SoildWorks_Model/simulate_ros2/src/cpp01_urdf -DCMAKE_INSTALL_PREFIX=/home/tungchiahui/UserFloder/mysource/CyberNaviRobot/SoildWorks_Model/simulate_ros2/install/cpp01_urdf
[0.590s] Invoking command in '/home/tungchiahui/UserFloder/mysource/CyberNaviRobot/SoildWorks_Model/simulate_ros2/build/cpp01_urdf': CMAKE_PREFIX_PATH=${CMAKE_PREFIX_PATH}:/opt/ros/jazzy /usr/bin/cmake --build /home/tungchiahui/UserFloder/mysource/CyberNaviRobot/SoildWorks_Model/simulate_ros2/build/cpp01_urdf -- -j16 -l16
[0.620s] Invoked command in '/home/tungchiahui/UserFloder/mysource/CyberNaviRobot/SoildWorks_Model/simulate_ros2/build/cpp01_urdf' returned '0': CMAKE_PREFIX_PATH=${CMAKE_PREFIX_PATH}:/opt/ros/jazzy /usr/bin/cmake --build /home/tungchiahui/UserFloder/mysource/CyberNaviRobot/SoildWorks_Model/simulate_ros2/build/cpp01_urdf -- -j16 -l16
[0.626s] Invoking command in '/home/tungchiahui/UserFloder/mysource/CyberNaviRobot/SoildWorks_Model/simulate_ros2/build/cpp01_urdf': CMAKE_PREFIX_PATH=${CMAKE_PREFIX_PATH}:/opt/ros/jazzy /usr/bin/cmake --install /home/tungchiahui/UserFloder/mysource/CyberNaviRobot/SoildWorks_Model/simulate_ros2/build/cpp01_urdf
[0.632s] -- Install configuration: ""
[0.632s] -- Installing: /home/tungchiahui/UserFloder/mysource/CyberNaviRobot/SoildWorks_Model/simulate_ros2/install/cpp01_urdf/share/cpp01_urdf/launch
[0.632s] -- Installing: /home/tungchiahui/UserFloder/mysource/CyberNaviRobot/SoildWorks_Model/simulate_ros2/install/cpp01_urdf/share/cpp01_urdf/launch/display.launch.py
[0.632s] -- Installing: /home/tungchiahui/UserFloder/mysource/CyberNaviRobot/SoildWorks_Model/simulate_ros2/install/cpp01_urdf/share/cpp01_urdf/urdf
[0.632s] -- Installing: /home/tungchiahui/UserFloder/mysource/CyberNaviRobot/SoildWorks_Model/simulate_ros2/install/cpp01_urdf/share/cpp01_urdf/urdf/urdf
[0.632s] -- Installing: /home/tungchiahui/UserFloder/mysource/CyberNaviRobot/SoildWorks_Model/simulate_ros2/install/cpp01_urdf/share/cpp01_urdf/urdf/urdf/CyberNaviRobot.csv
[0.632s] -- Installing: /home/tungchiahui/UserFloder/mysource/CyberNaviRobot/SoildWorks_Model/simulate_ros2/install/cpp01_urdf/share/cpp01_urdf/urdf/urdf/CyberNaviRobot.urdf
[0.632s] -- Installing: /home/tungchiahui/UserFloder/mysource/CyberNaviRobot/SoildWorks_Model/simulate_ros2/install/cpp01_urdf/share/cpp01_urdf/urdf/urdf/demo1_CyberNaviRobot.urdf
[0.632s] -- Installing: /home/tungchiahui/UserFloder/mysource/CyberNaviRobot/SoildWorks_Model/simulate_ros2/install/cpp01_urdf/share/cpp01_urdf/rviz
[0.632s] -- Installing: /home/tungchiahui/UserFloder/mysource/CyberNaviRobot/SoildWorks_Model/simulate_ros2/install/cpp01_urdf/share/cpp01_urdf/rviz/.gitkeep
[0.633s] -- Installing: /home/tungchiahui/UserFloder/mysource/CyberNaviRobot/SoildWorks_Model/simulate_ros2/install/cpp01_urdf/share/cpp01_urdf/meshes
[0.633s] -- Installing: /home/tungchiahui/UserFloder/mysource/CyberNaviRobot/SoildWorks_Model/simulate_ros2/install/cpp01_urdf/share/cpp01_urdf/meshes/base_link.STL
[0.633s] -- Installing: /home/tungchiahui/UserFloder/mysource/CyberNaviRobot/SoildWorks_Model/simulate_ros2/install/cpp01_urdf/share/cpp01_urdf/meshes/demo1_base_link.STL
[0.633s] -- Installing: /home/tungchiahui/UserFloder/mysource/CyberNaviRobot/SoildWorks_Model/simulate_ros2/install/cpp01_urdf/share/cpp01_urdf/meshes/left_front_wheel_link.STL
[0.633s] -- Installing: /home/tungchiahui/UserFloder/mysource/CyberNaviRobot/SoildWorks_Model/simulate_ros2/install/cpp01_urdf/share/cpp01_urdf/meshes/left_rear_wheel_link.STL
[0.633s] -- Installing: /home/tungchiahui/UserFloder/mysource/CyberNaviRobot/SoildWorks_Model/simulate_ros2/install/cpp01_urdf/share/cpp01_urdf/meshes/right_front_wheel_link.STL
[0.633s] -- Installing: /home/tungchiahui/UserFloder/mysource/CyberNaviRobot/SoildWorks_Model/simulate_ros2/install/cpp01_urdf/share/cpp01_urdf/meshes/right_rear_wheel_link.STL
[0.633s] -- Installing: /home/tungchiahui/UserFloder/mysource/CyberNaviRobot/SoildWorks_Model/simulate_ros2/install/cpp01_urdf/share/ament_index/resource_index/package_run_dependencies/cpp01_urdf
[0.633s] -- Installing: /home/tungchiahui/UserFloder/mysource/CyberNaviRobot/SoildWorks_Model/simulate_ros2/install/cpp01_urdf/share/ament_index/resource_index/parent_prefix_path/cpp01_urdf
[0.633s] -- Installing: /home/tungchiahui/UserFloder/mysource/CyberNaviRobot/SoildWorks_Model/simulate_ros2/install/cpp01_urdf/share/cpp01_urdf/environment/ament_prefix_path.sh
[0.633s] -- Installing: /home/tungchiahui/UserFloder/mysource/CyberNaviRobot/SoildWorks_Model/simulate_ros2/install/cpp01_urdf/share/cpp01_urdf/environment/ament_prefix_path.dsv
[0.633s] -- Installing: /home/tungchiahui/UserFloder/mysource/CyberNaviRobot/SoildWorks_Model/simulate_ros2/install/cpp01_urdf/share/cpp01_urdf/environment/path.sh
[0.633s] -- Installing: /home/tungchiahui/UserFloder/mysource/CyberNaviRobot/SoildWorks_Model/simulate_ros2/install/cpp01_urdf/share/cpp01_urdf/environment/path.dsv
[0.633s] -- Installing: /home/tungchiahui/UserFloder/mysource/CyberNaviRobot/SoildWorks_Model/simulate_ros2/install/cpp01_urdf/share/cpp01_urdf/local_setup.bash
[0.633s] -- Installing: /home/tungchiahui/UserFloder/mysource/CyberNaviRobot/SoildWorks_Model/simulate_ros2/install/cpp01_urdf/share/cpp01_urdf/local_setup.sh
[0.633s] -- Installing: /home/tungchiahui/UserFloder/mysource/CyberNaviRobot/SoildWorks_Model/simulate_ros2/install/cpp01_urdf/share/cpp01_urdf/local_setup.zsh
[0.633s] -- Installing: /home/tungchiahui/UserFloder/mysource/CyberNaviRobot/SoildWorks_Model/simulate_ros2/install/cpp01_urdf/share/cpp01_urdf/local_setup.dsv
[0.634s] -- Installing: /home/tungchiahui/UserFloder/mysource/CyberNaviRobot/SoildWorks_Model/simulate_ros2/install/cpp01_urdf/share/cpp01_urdf/package.dsv
[0.634s] -- Installing: /home/tungchiahui/UserFloder/mysource/CyberNaviRobot/SoildWorks_Model/simulate_ros2/install/cpp01_urdf/share/ament_index/resource_index/packages/cpp01_urdf
[0.634s] -- Installing: /home/tungchiahui/UserFloder/mysource/CyberNaviRobot/SoildWorks_Model/simulate_ros2/install/cpp01_urdf/share/cpp01_urdf/cmake/cpp01_urdfConfig.cmake
[0.634s] -- Installing: /home/tungchiahui/UserFloder/mysource/CyberNaviRobot/SoildWorks_Model/simulate_ros2/install/cpp01_urdf/share/cpp01_urdf/cmake/cpp01_urdfConfig-version.cmake
[0.634s] -- Installing: /home/tungchiahui/UserFloder/mysource/CyberNaviRobot/SoildWorks_Model/simulate_ros2/install/cpp01_urdf/share/cpp01_urdf/package.xml
[0.635s] Invoked command in '/home/tungchiahui/UserFloder/mysource/CyberNaviRobot/SoildWorks_Model/simulate_ros2/build/cpp01_urdf' returned '0': CMAKE_PREFIX_PATH=${CMAKE_PREFIX_PATH}:/opt/ros/jazzy /usr/bin/cmake --install /home/tungchiahui/UserFloder/mysource/CyberNaviRobot/SoildWorks_Model/simulate_ros2/build/cpp01_urdf
