[0.013s] Invoking command in '/home/tungchiahui/source/simulate_ros2/build/cpp01_urdf': CMAKE_PREFIX_PATH=${CMAKE_PREFIX_PATH}:/opt/ros/jazzy /usr/bin/cmake --build /home/tungchiahui/source/simulate_ros2/build/cpp01_urdf -- -j16 -l16
[0.158s] Invoked command in '/home/tungchiahui/source/simulate_ros2/build/cpp01_urdf' returned '0': CMAKE_PREFIX_PATH=${CMAKE_PREFIX_PATH}:/opt/ros/jazzy /usr/bin/cmake --build /home/tungchiahui/source/simulate_ros2/build/cpp01_urdf -- -j16 -l16
[0.165s] Invoking command in '/home/tungchiahui/source/simulate_ros2/build/cpp01_urdf': CMAKE_PREFIX_PATH=${CMAKE_PREFIX_PATH}:/opt/ros/jazzy /usr/bin/cmake --install /home/tungchiahui/source/simulate_ros2/build/cpp01_urdf
[0.172s] -- Install configuration: ""
[0.173s] -- Up-to-date: /home/tungchiahui/source/simulate_ros2/install/cpp01_urdf/share/cpp01_urdf/launch
[0.173s] -- Installing: /home/tungchiahui/source/simulate_ros2/install/cpp01_urdf/share/cpp01_urdf/launch/demo1_display.launch.py
[0.173s] -- Up-to-date: /home/tungchiahui/source/simulate_ros2/install/cpp01_urdf/share/cpp01_urdf/launch/display.launch.py
[0.173s] -- Up-to-date: /home/tungchiahui/source/simulate_ros2/install/cpp01_urdf/share/cpp01_urdf/urdf
[0.173s] -- Up-to-date: /home/tungchiahui/source/simulate_ros2/install/cpp01_urdf/share/cpp01_urdf/urdf/urdf
[0.173s] -- Up-to-date: /home/tungchiahui/source/simulate_ros2/install/cpp01_urdf/share/cpp01_urdf/urdf/urdf/CyberNaviRobot2.urdf
[0.173s] -- Up-to-date: /home/tungchiahui/source/simulate_ros2/install/cpp01_urdf/share/cpp01_urdf/urdf/urdf/CyberNaviRobot.urdf
[0.173s] -- Up-to-date: /home/tungchiahui/source/simulate_ros2/install/cpp01_urdf/share/cpp01_urdf/urdf/urdf/CyberNaviRobot.csv
[0.173s] -- Up-to-date: /home/tungchiahui/source/simulate_ros2/install/cpp01_urdf/share/cpp01_urdf/rviz
[0.174s] -- Up-to-date: /home/tungchiahui/source/simulate_ros2/install/cpp01_urdf/share/cpp01_urdf/rviz/.gitkeep
[0.174s] -- Up-to-date: /home/tungchiahui/source/simulate_ros2/install/cpp01_urdf/share/cpp01_urdf/meshes
[0.174s] -- Installing: /home/tungchiahui/source/simulate_ros2/install/cpp01_urdf/share/cpp01_urdf/meshes/base_link.STL
[0.175s] -- Up-to-date: /home/tungchiahui/source/simulate_ros2/install/cpp01_urdf/share/cpp01_urdf/meshes/right_front_wheel_link.STL
[0.176s] -- Up-to-date: /home/tungchiahui/source/simulate_ros2/install/cpp01_urdf/share/cpp01_urdf/meshes/left_front_wheel_link.STL
[0.176s] -- Installing: /home/tungchiahui/source/simulate_ros2/install/cpp01_urdf/share/cpp01_urdf/meshes/demo1_base_link.STL
[0.177s] -- Up-to-date: /home/tungchiahui/source/simulate_ros2/install/cpp01_urdf/share/cpp01_urdf/meshes/right_rear_wheel_link.STL
[0.177s] -- Up-to-date: /home/tungchiahui/source/simulate_ros2/install/cpp01_urdf/share/cpp01_urdf/meshes/left_rear_wheel_link.STL
[0.178s] -- Up-to-date: /home/tungchiahui/source/simulate_ros2/install/cpp01_urdf/share/ament_index/resource_index/package_run_dependencies/cpp01_urdf
[0.178s] -- Up-to-date: /home/tungchiahui/source/simulate_ros2/install/cpp01_urdf/share/ament_index/resource_index/parent_prefix_path/cpp01_urdf
[0.178s] -- Up-to-date: /home/tungchiahui/source/simulate_ros2/install/cpp01_urdf/share/cpp01_urdf/environment/ament_prefix_path.sh
[0.178s] -- Up-to-date: /home/tungchiahui/source/simulate_ros2/install/cpp01_urdf/share/cpp01_urdf/environment/ament_prefix_path.dsv
[0.178s] -- Up-to-date: /home/tungchiahui/source/simulate_ros2/install/cpp01_urdf/share/cpp01_urdf/environment/path.sh
[0.178s] -- Up-to-date: /home/tungchiahui/source/simulate_ros2/install/cpp01_urdf/share/cpp01_urdf/environment/path.dsv
[0.178s] -- Up-to-date: /home/tungchiahui/source/simulate_ros2/install/cpp01_urdf/share/cpp01_urdf/local_setup.bash
[0.178s] -- Up-to-date: /home/tungchiahui/source/simulate_ros2/install/cpp01_urdf/share/cpp01_urdf/local_setup.sh
[0.179s] -- Up-to-date: /home/tungchiahui/source/simulate_ros2/install/cpp01_urdf/share/cpp01_urdf/local_setup.zsh
[0.179s] -- Up-to-date: /home/tungchiahui/source/simulate_ros2/install/cpp01_urdf/share/cpp01_urdf/local_setup.dsv
[0.179s] -- Installing: /home/tungchiahui/source/simulate_ros2/install/cpp01_urdf/share/cpp01_urdf/package.dsv
[0.179s] -- Up-to-date: /home/tungchiahui/source/simulate_ros2/install/cpp01_urdf/share/ament_index/resource_index/packages/cpp01_urdf
[0.179s] -- Up-to-date: /home/tungchiahui/source/simulate_ros2/install/cpp01_urdf/share/cpp01_urdf/cmake/cpp01_urdfConfig.cmake
[0.180s] -- Up-to-date: /home/tungchiahui/source/simulate_ros2/install/cpp01_urdf/share/cpp01_urdf/cmake/cpp01_urdfConfig-version.cmake
[0.180s] -- Up-to-date: /home/tungchiahui/source/simulate_ros2/install/cpp01_urdf/share/cpp01_urdf/package.xml
[0.181s] Invoked command in '/home/tungchiahui/source/simulate_ros2/build/cpp01_urdf' returned '0': CMAKE_PREFIX_PATH=${CMAKE_PREFIX_PATH}:/opt/ros/jazzy /usr/bin/cmake --install /home/tungchiahui/source/simulate_ros2/build/cpp01_urdf
