-- Install configuration: ""
-- Up-to-date: /home/tungchiahui/source/simulate_ros2/install/cpp01_urdf/share/cpp01_urdf/launch
-- Up-to-date: /home/tungchiahui/source/simulate_ros2/install/cpp01_urdf/share/cpp01_urdf/launch/display.launch.py
-- Up-to-date: /home/tungchiahui/source/simulate_ros2/install/cpp01_urdf/share/cpp01_urdf/urdf
-- Up-to-date: /home/tungchiahui/source/simulate_ros2/install/cpp01_urdf/share/cpp01_urdf/urdf/urdf
-- Installing: /home/tungchiahui/source/simulate_ros2/install/cpp01_urdf/share/cpp01_urdf/urdf/urdf/CyberNaviRobot2.urdf
-- Up-to-date: /home/tungchiahui/source/simulate_ros2/install/cpp01_urdf/share/cpp01_urdf/urdf/urdf/CyberNaviRobot.urdf
-- Up-to-date: /home/tungchiahui/source/simulate_ros2/install/cpp01_urdf/share/cpp01_urdf/urdf/urdf/CyberNaviRobot.csv
-- Up-to-date: /home/tungchiahui/source/simulate_ros2/install/cpp01_urdf/share/cpp01_urdf/rviz
-- Up-to-date: /home/tungchiahui/source/simulate_ros2/install/cpp01_urdf/share/cpp01_urdf/rviz/.gitkeep
-- Up-to-date: /home/tungchiahui/source/simulate_ros2/install/cpp01_urdf/share/cpp01_urdf/meshes
-- Installing: /home/tungchiahui/source/simulate_ros2/install/cpp01_urdf/share/cpp01_urdf/meshes/base_link.STL
-- Installing: /home/tungchiahui/source/simulate_ros2/install/cpp01_urdf/share/cpp01_urdf/meshes/base_link copy.STL
-- Up-to-date: /home/tungchiahui/source/simulate_ros2/install/cpp01_urdf/share/cpp01_urdf/meshes/right_front_wheel_link.STL
-- Up-to-date: /home/tungchiahui/source/simulate_ros2/install/cpp01_urdf/share/cpp01_urdf/meshes/left_front_wheel_link.STL
-- Up-to-date: /home/tungchiahui/source/simulate_ros2/install/cpp01_urdf/share/cpp01_urdf/meshes/right_rear_wheel_link.STL
-- Up-to-date: /home/tungchiahui/source/simulate_ros2/install/cpp01_urdf/share/cpp01_urdf/meshes/left_rear_wheel_link.STL
-- Up-to-date: /home/tungchiahui/source/simulate_ros2/install/cpp01_urdf/share/ament_index/resource_index/package_run_dependencies/cpp01_urdf
-- Up-to-date: /home/tungchiahui/source/simulate_ros2/install/cpp01_urdf/share/ament_index/resource_index/parent_prefix_path/cpp01_urdf
-- Up-to-date: /home/tungchiahui/source/simulate_ros2/install/cpp01_urdf/share/cpp01_urdf/environment/ament_prefix_path.sh
-- Up-to-date: /home/tungchiahui/source/simulate_ros2/install/cpp01_urdf/share/cpp01_urdf/environment/ament_prefix_path.dsv
-- Up-to-date: /home/tungchiahui/source/simulate_ros2/install/cpp01_urdf/share/cpp01_urdf/environment/path.sh
-- Up-to-date: /home/tungchiahui/source/simulate_ros2/install/cpp01_urdf/share/cpp01_urdf/environment/path.dsv
-- Up-to-date: /home/tungchiahui/source/simulate_ros2/install/cpp01_urdf/share/cpp01_urdf/local_setup.bash
-- Up-to-date: /home/tungchiahui/source/simulate_ros2/install/cpp01_urdf/share/cpp01_urdf/local_setup.sh
-- Up-to-date: /home/tungchiahui/source/simulate_ros2/install/cpp01_urdf/share/cpp01_urdf/local_setup.zsh
-- Up-to-date: /home/tungchiahui/source/simulate_ros2/install/cpp01_urdf/share/cpp01_urdf/local_setup.dsv
-- Installing: /home/tungchiahui/source/simulate_ros2/install/cpp01_urdf/share/cpp01_urdf/package.dsv
-- Up-to-date: /home/tungchiahui/source/simulate_ros2/install/cpp01_urdf/share/ament_index/resource_index/packages/cpp01_urdf
-- Up-to-date: /home/tungchiahui/source/simulate_ros2/install/cpp01_urdf/share/cpp01_urdf/cmake/cpp01_urdfConfig.cmake
-- Up-to-date: /home/tungchiahui/source/simulate_ros2/install/cpp01_urdf/share/cpp01_urdf/cmake/cpp01_urdfConfig-version.cmake
-- Up-to-date: /home/tungchiahui/source/simulate_ros2/install/cpp01_urdf/share/cpp01_urdf/package.xml
